c:\users\admin\cgue\opengltest\build-release\vc120.pdb
c:\users\admin\cgue\opengltest\build-release\util.obj
c:\users\admin\cgue\opengltest\build-release\upgrade.obj
c:\users\admin\cgue\opengltest\build-release\texture.obj
c:\users\admin\cgue\opengltest\build-release\text.obj
c:\users\admin\cgue\opengltest\build-release\bullet.obj
c:\users\admin\cgue\opengltest\build-release\shader.obj
c:\users\admin\cgue\opengltest\build-release\sceneobject.obj
c:\users\admin\cgue\opengltest\build-release\room.obj
c:\users\admin\cgue\opengltest\build-release\model.obj
c:\users\admin\cgue\opengltest\build-release\main.obj
c:\users\admin\cgue\opengltest\build-release\letter.obj
c:\users\admin\cgue\opengltest\build-release\cube.obj
c:\users\admin\cgue\opengltest\build-release\hudobject.obj
c:\users\admin\cgue\opengltest\build-release\enemy.obj
c:\users\admin\cgue\opengltest\build-release\2dobject.obj
c:\users\admin\cgue\opengltest\build-release\plane.obj
c:\users\admin\cgue\opengltest\build-release\frustumg.obj
c:\users\admin\cgue\opengltest\release\cgue_boxtacle.exe
c:\users\admin\cgue\opengltest\release\cgue_boxtacle.pdb
c:\users\admin\cgue\opengltest\build-release\resource.res
c:\users\admin\cgue\opengltest\build-release\cgue_boxtacle.tlog\cl.command.1.tlog
c:\users\admin\cgue\opengltest\build-release\cgue_boxtacle.tlog\cl.read.1.tlog
c:\users\admin\cgue\opengltest\build-release\cgue_boxtacle.tlog\cl.write.1.tlog
c:\users\admin\cgue\opengltest\build-release\cgue_boxtacle.tlog\link.command.1.tlog
c:\users\admin\cgue\opengltest\build-release\cgue_boxtacle.tlog\link.read.1.tlog
c:\users\admin\cgue\opengltest\build-release\cgue_boxtacle.tlog\link.write.1.tlog
c:\users\admin\cgue\opengltest\build-release\cgue_boxtacle.tlog\rc.command.1.tlog
c:\users\admin\cgue\opengltest\build-release\cgue_boxtacle.tlog\rc.read.1.tlog
c:\users\admin\cgue\opengltest\build-release\cgue_boxtacle.tlog\rc.write.1.tlog
